<?xml version="1.0" encoding="UTF-8"?>
<!-- Generated by org.testng.reporters.JUnitXMLReporter -->
<testsuite ignored="0" hostname="DESKTOP-P00DEH1" failures="0" tests="3" name="Surefire test" time="15.99" errors="0" timestamp="2023-12-04T13:51:24 IST">
  <testcase classname="demo.org.FacebookTest" name="logIn" time="0.301"/>
  <testcase classname="demo.org.FacebookTest" name="logIn" time="0.259"/>
  <testcase classname="demo.org.FacebookTest" name="logIn" time="0.263"/>
</testsuite> <!-- Surefire test -->
