<?xml version="1.0" encoding="UTF-8"?>
<!-- Generated by org.testng.reporters.JUnitXMLReporter -->
<testsuite ignored="0" hostname="DESKTOP-P00DEH1" failures="0" tests="3" name="Default test" time="32.227" errors="0" timestamp="2023-12-01T14:28:00 IST">
  <testcase classname="demo.org.FacebookTest" name="logIn" time="0.246"/>
  <testcase classname="demo.org.FacebookTest" name="logIn" time="0.224"/>
  <testcase classname="demo.org.FacebookTest" name="logIn" time="0.254"/>
</testsuite> <!-- Default test -->
